-------------------------------------------------------------------------------
Test set: com.lqp.automation.features.ReportDetails.ReportDetails_001_Filter_Multiple_Selection_Checked_Work_Correctly
-------------------------------------------------------------------------------
Tests run: 1, Failures: 0, Errors: 1, Skipped: 0, Time elapsed: 20 sec <<< FAILURE! - in com.lqp.automation.features.ReportDetails.ReportDetails_001_Filter_Multiple_Selection_Checked_Work_Correctly
ReportDetails_001_Filter_Multiple_Selection_Checked_Work_Correctly(com.lqp.automation.features.ReportDetails.ReportDetails_001_Filter_Multiple_Selection_Checked_Work_Correctly)  Time elapsed: 19.81 sec  <<< ERROR!
java.lang.NoClassDefFoundError: org/apache/maven/surefire/booter/SurefireExecutionException
	at java.net.URLClassLoader.findClass(URLClassLoader.java:381)
	at java.lang.ClassLoader.loadClass(ClassLoader.java:424)
	at java.lang.ClassLoader.loadClass(ClassLoader.java:357)
	at org.apache.maven.surefire.booter.IsolatedClassLoader.loadClass(IsolatedClassLoader.java:97)
	at java.lang.Class.forName0(Native Method)
	at java.lang.Class.forName(Class.java:264)
	at net.thucydides.core.steps.StepInterceptor.stepIsCalledFromCleanupMethod(StepInterceptor.java:143)
	at net.thucydides.core.steps.StepInterceptor.testStepResult(StepInterceptor.java:130)
	at net.thucydides.core.steps.StepInterceptor.intercept(StepInterceptor.java:61)
	at com.lqp.automation.steps.ReportDetails$$EnhancerByCGLIB$$5fb2763.clickSubmitButton(<generated>)
	at com.lqp.automation.features.ReportDetails.ReportDetails_001_Filter_Multiple_Selection_Checked_Work_Correctly.ReportDetails_001_Filter_Multiple_Selection_Checked_Work_Correctly(ReportDetails_001_Filter_Multiple_Selection_Checked_Work_Correctly.java:43)

