<?xml version="1.0" encoding="UTF-8"?><testsuite errors="0" failures="0" name="com.lqp.automation.features.CreateReport.CreateReport_019_1_Query_Template_Verify_User_Can_Insert_Query_Template" skipped="0" tests="1" time="35.63" timestamp="2017-06-153 12:46:33"><testcase classname="com.lqp.automation.features.CreateReport.CreateReport_019_1_Query_Template_Verify_User_Can_Insert_Query_Template" name="Create report 019  query  template  verify  that  user  can  use  query  template  for  report"/></testsuite>