<?xml version="1.0" encoding="UTF-8"?><testsuite errors="0" failures="0" name="com.lqp.automation.features.FilterPermisson.Permission_014_Dashboards_List_Business_User_Only_Sees_Shared_Dashboards" skipped="0" tests="1" time="43.06" timestamp="2017-06-153 12:57:48"><testcase classname="com.lqp.automation.features.FilterPermisson.Permission_014_Dashboards_List_Business_User_Only_Sees_Shared_Dashboards" name="Permission 014  dashboards  list  business  user  only  sees  shared  dashboards"/></testsuite>