<?xml version="1.0" encoding="UTF-8"?><testsuite errors="1" failures="0" name="com.lqp.automation.features.AdhocQuery.AdhocQueries_004_Verify_That_Adhoc_Queries_Is_Created_Successfully" skipped="0" tests="1" time="35.7" timestamp="2017-06-153 12:44:25"><testcase classname="com.lqp.automation.features.AdhocQuery.AdhocQueries_004_Verify_That_Adhoc_Queries_Is_Created_Successfully" name="Adhoc queries 004  verify  that  adhoc  queries  is  created  successfully"><error message="no such element: Unable to locate element: {&quot;method&quot;:&quot;xpath&quot;,&quot;selector&quot;:&quot;//button[@ng-click=&quot;vm.submit()&quot;]&quot;}&#10;  (Session info: chrome=58.0.3029.110)&#10;  (Driver info: chromedriver=2.29.461591 (62ebf098771772160f391d75e589dc567915b233),platform=Windows NT 6.1.7601 SP1 x86_64) (WARNING: The server did not provide any stacktrace information)&#10;Command duration or timeout: 2.04 seconds&#10;For documentation on this error, please visit: http://seleniumhq.org/exceptions/no_such_element.html&#10;Build info: version: '2.52.0', revision: '4c2593cfc3689a7fcd7be52549167e5ccc93ad28', time: '2016-02-11 11:22:43'&#10;System info: host: 'thuan549-PC', ip: '192.168.1.103', os.name: 'Windows 7', os.arch: 'amd64', os.version: '6.1', java.version: '1.8.0_71'&#10;Driver info: org.openqa.selenium.remote.RemoteWebDriver&#10;Capabilities [{applicationCacheEnabled=false, rotatable=false, mobileEmulationEnabled=false, networkConnectionEnabled=false, chrome={chromedriverVersion=2.29.461591 (62ebf098771772160f391d75e589dc567915b233), userDataDir=C:\Users\thuan549\AppData\Local\Temp\scoped_dir9248_9023}, takesHeapSnapshot=true, pageLoadStrategy=normal, databaseEnabled=false, handlesAlerts=true, hasTouchScreen=false, version=58.0.3029.110, platform=XP, browserConnectionEnabled=false, nativeEvents=true, acceptSslCerts=true, locationContextEnabled=true, webStorageEnabled=true, browserName=chrome, takesScreenshot=true, javascriptEnabled=true, cssSelectorsEnabled=true, unexpectedAlertBehaviour=}]&#10;Session ID: 51bd706c25ce71fab348be994c9d1de7&#10;*** Element info: {Using=xpath, value=//button[@ng-click=&quot;vm.submit()&quot;]}" type="org.openqa.selenium.NoSuchElementException">no such element: Unable to locate element: {"method":"xpath","selector":"//button[@ng-click="vm.submit()"]"}
  (Session info: chrome=58.0.3029.110)
  (Driver info: chromedriver=2.29.461591 (62ebf098771772160f391d75e589dc567915b233),platform=Windows NT 6.1.7601 SP1 x86_64) (WARNING: The server did not provide any stacktrace information)
Command duration or timeout: 2.04 seconds
For documentation on this error, please visit: http://seleniumhq.org/exceptions/no_such_element.html
Build info: version: '2.52.0', revision: '4c2593cfc3689a7fcd7be52549167e5ccc93ad28', time: '2016-02-11 11:22:43'
System info: host: 'thuan549-PC', ip: '192.168.1.103', os.name: 'Windows 7', os.arch: 'amd64', os.version: '6.1', java.version: '1.8.0_71'
Driver info: org.openqa.selenium.remote.RemoteWebDriver
Capabilities [{applicationCacheEnabled=false, rotatable=false, mobileEmulationEnabled=false, networkConnectionEnabled=false, chrome={chromedriverVersion=2.29.461591 (62ebf098771772160f391d75e589dc567915b233), userDataDir=C:\Users\thuan549\AppData\Local\Temp\scoped_dir9248_9023}, takesHeapSnapshot=true, pageLoadStrategy=normal, databaseEnabled=false, handlesAlerts=true, hasTouchScreen=false, version=58.0.3029.110, platform=XP, browserConnectionEnabled=false, nativeEvents=true, acceptSslCerts=true, locationContextEnabled=true, webStorageEnabled=true, browserName=chrome, takesScreenshot=true, javascriptEnabled=true, cssSelectorsEnabled=true, unexpectedAlertBehaviour=}]
Session ID: 51bd706c25ce71fab348be994c9d1de7
*** Element info: {Using=xpath, value=//button[@ng-click="vm.submit()"]}</error><system-err>no such element: Unable to locate element: {"method":"xpath","selector":"//button[@ng-click="vm.submit()"]"}
  (Session info: chrome=58.0.3029.110)
  (Driver info: chromedriver=2.29.461591 (62ebf098771772160f391d75e589dc567915b233),platform=Windows NT 6.1.7601 SP1 x86_64) (WARNING: The server did not provide any stacktrace information)
Command duration or timeout: 2.04 seconds
For documentation on this error, please visit: http://seleniumhq.org/exceptions/no_such_element.html
Build info: version: '2.52.0', revision: '4c2593cfc3689a7fcd7be52549167e5ccc93ad28', time: '2016-02-11 11:22:43'
System info: host: 'thuan549-PC', ip: '192.168.1.103', os.name: 'Windows 7', os.arch: 'amd64', os.version: '6.1', java.version: '1.8.0_71'
Driver info: org.openqa.selenium.remote.RemoteWebDriver
Capabilities [{applicationCacheEnabled=false, rotatable=false, mobileEmulationEnabled=false, networkConnectionEnabled=false, chrome={chromedriverVersion=2.29.461591 (62ebf098771772160f391d75e589dc567915b233), userDataDir=C:\Users\thuan549\AppData\Local\Temp\scoped_dir9248_9023}, takesHeapSnapshot=true, pageLoadStrategy=normal, databaseEnabled=false, handlesAlerts=true, hasTouchScreen=false, version=58.0.3029.110, platform=XP, browserConnectionEnabled=false, nativeEvents=true, acceptSslCerts=true, locationContextEnabled=true, webStorageEnabled=true, browserName=chrome, takesScreenshot=true, javascriptEnabled=true, cssSelectorsEnabled=true, unexpectedAlertBehaviour=}]
Session ID: 51bd706c25ce71fab348be994c9d1de7
*** Element info: {Using=xpath, value=//button[@ng-click="vm.submit()"]}&#13;
com.lqp.automation.pages.AdhocQueryPage.createNewAdhocQuery(AdhocQueryPage.java:36)&#13;
com.lqp.automation.steps.AdhocQuery.createNewAdhocQuery(AdhocQuery.java:38)&#13;
com.lqp.automation.features.AdhocQuery.AdhocQueries_004_Verify_That_Adhoc_Queries_Is_Created_Successfully.AdhocQueries_004_Verify_That_Adhoc_Queries_Is_Created_Successfully(AdhocQueries_004_Verify_That_Adhoc_Queries_Is_Created_Successfully.java:39)&#13;
org.apache.maven.plugin.surefire.InPluginVMSurefireStarter.runSuitesInProcess(InPluginVMSurefireStarter.java:82)&#13;
org.apache.maven.plugin.surefire.AbstractSurefireMojo.executeProvider(AbstractSurefireMojo.java:974)&#13;
org.apache.maven.plugin.surefire.AbstractSurefireMojo.executeAfterPreconditionsChecked(AbstractSurefireMojo.java:824)&#13;
org.apache.maven.plugin.surefire.AbstractSurefireMojo.execute(AbstractSurefireMojo.java:722)&#13;
org.apache.maven.plugin.DefaultBuildPluginManager.executeMojo(DefaultBuildPluginManager.java:134)&#13;
org.apache.maven.lifecycle.internal.MojoExecutor.execute(MojoExecutor.java:207)&#13;
org.apache.maven.lifecycle.internal.MojoExecutor.execute(MojoExecutor.java:153)&#13;
org.apache.maven.lifecycle.internal.MojoExecutor.execute(MojoExecutor.java:145)&#13;
org.apache.maven.lifecycle.internal.LifecycleModuleBuilder.buildProject(LifecycleModuleBuilder.java:116)&#13;
org.apache.maven.lifecycle.internal.LifecycleModuleBuilder.buildProject(LifecycleModuleBuilder.java:80)&#13;
org.apache.maven.lifecycle.internal.builder.singlethreaded.SingleThreadedBuilder.build(SingleThreadedBuilder.java:51)&#13;
org.apache.maven.lifecycle.internal.LifecycleStarter.execute(LifecycleStarter.java:128)&#13;
org.apache.maven.DefaultMaven.doExecute(DefaultMaven.java:307)&#13;
org.apache.maven.DefaultMaven.doExecute(DefaultMaven.java:193)&#13;
org.apache.maven.DefaultMaven.execute(DefaultMaven.java:106)&#13;
org.apache.maven.cli.MavenCli.execute(MavenCli.java:863)&#13;
org.apache.maven.cli.MavenCli.doMain(MavenCli.java:288)&#13;
org.apache.maven.cli.MavenCli.main(MavenCli.java:199)&#13;
org.codehaus.plexus.classworlds.launcher.Launcher.launchEnhanced(Launcher.java:289)&#13;
org.codehaus.plexus.classworlds.launcher.Launcher.launch(Launcher.java:229)&#13;
org.codehaus.plexus.classworlds.launcher.Launcher.mainWithExitCode(Launcher.java:415)&#13;
org.codehaus.plexus.classworlds.launcher.Launcher.main(Launcher.java:356)&#13;
</system-err></testcase></testsuite>