<?xml version="1.0" encoding="UTF-8"?><testsuite errors="0" failures="0" name="com.lqp.automation.features.DataTransformation.NewDataTransform_001_Can_Create_Data_Transform_With_Type_Materialized_Incremental" skipped="0" tests="1" time="40.67" timestamp="2017-06-156 10:31:30"><testcase classname="com.lqp.automation.features.DataTransformation.NewDataTransform_001_Can_Create_Data_Transform_With_Type_Materialized_Incremental" name="New data transform 001  can  create  data  transform  with  transformation  type  as  materialized  full"/></testsuite>