<?xml version="1.0" encoding="UTF-8"?><testsuite errors="0" failures="0" name="com.lqp.automation.features.DataTransformation.NewDataTransform_001_Can_Create_Data_Transform_With_Transformation_Type_As_Materialized_Full" skipped="0" tests="1" time="39.28" timestamp="2017-06-156 10:30:32"><testcase classname="com.lqp.automation.features.DataTransformation.NewDataTransform_001_Can_Create_Data_Transform_With_Transformation_Type_As_Materialized_Full" name="New data transform 001  can  create  data  transform  with  transformation  type  as  materialized  full"/></testsuite>