<?xml version="1.0" encoding="UTF-8"?><testsuite errors="0" failures="0" name="com.lqp.automation.features.CreateReport.CreateReport_034_QuickTransforms_Verify_That_Quick_Pivot_Works_Correctly" skipped="0" tests="1" time="24.29" timestamp="2017-06-153 12:48:14"><testcase classname="com.lqp.automation.features.CreateReport.CreateReport_034_QuickTransforms_Verify_That_Quick_Pivot_Works_Correctly" name="Create report 034  quick transforms  verify  that  quick  pivot  works  correctly"/></testsuite>