<?xml version="1.0" encoding="UTF-8"?><testsuite errors="0" failures="0" name="com.lqp.automation.features.DataImport.NewDataImport_01_Import_Successfully_When_Using_Import_Type_Google_Spreadsheet" skipped="0" tests="1" time="38.16" timestamp="2017-06-156 12:25:51"><testcase classname="com.lqp.automation.features.DataImport.NewDataImport_01_Import_Successfully_When_Using_Import_Type_Google_Spreadsheet" name="New data import 01  import  successfully  when  using  import  type  google  spreadsheet"/></testsuite>