<?xml version="1.0" encoding="UTF-8"?><testsuite errors="0" failures="0" name="com.lqp.automation.features.CreateReport.CreateReport_019_Query_Template_Verify_That_User_Can_Use_Query_Template_For_Report" skipped="0" tests="1" time="28.24" timestamp="2017-06-153 12:47:09"><testcase classname="com.lqp.automation.features.CreateReport.CreateReport_019_Query_Template_Verify_That_User_Can_Use_Query_Template_For_Report" name="Create report 019  query  template  verify  that  user  can  use  query  template  for  report"/></testsuite>