<?xml version="1.0" encoding="UTF-8"?><testsuite errors="1" failures="0" name="com.lqp.automation.features.Metric.Metric_007_Verify_That_User_Can_Create_Metric_Successfully" skipped="0" tests="1" time="26.15" timestamp="2017-06-153 12:59:16"><testcase classname="com.lqp.automation.features.Metric.Metric_007_Verify_That_User_Can_Create_Metric_Successfully" name="Metric 007  verify  that  user  can  create  metric  successfully"><error message="Cannot locate element with text: WPL-Production&#10;For documentation on this error, please visit: http://seleniumhq.org/exceptions/no_such_element.html&#10;Build info: version: '2.52.0', revision: '4c2593cfc3689a7fcd7be52549167e5ccc93ad28', time: '2016-02-11 11:22:43'&#10;System info: host: 'thuan549-PC', ip: '192.168.1.103', os.name: 'Windows 7', os.arch: 'amd64', os.version: '6.1', java.version: '1.8.0_71'&#10;Driver info: driver.version: unknown" type="org.openqa.selenium.NoSuchElementException">Cannot locate element with text: WPL-Production
For documentation on this error, please visit: http://seleniumhq.org/exceptions/no_such_element.html
Build info: version: '2.52.0', revision: '4c2593cfc3689a7fcd7be52549167e5ccc93ad28', time: '2016-02-11 11:22:43'
System info: host: 'thuan549-PC', ip: '192.168.1.103', os.name: 'Windows 7', os.arch: 'amd64', os.version: '6.1', java.version: '1.8.0_71'
Driver info: driver.version: unknown</error><system-err>Cannot locate element with text: WPL-Production
For documentation on this error, please visit: http://seleniumhq.org/exceptions/no_such_element.html
Build info: version: '2.52.0', revision: '4c2593cfc3689a7fcd7be52549167e5ccc93ad28', time: '2016-02-11 11:22:43'
System info: host: 'thuan549-PC', ip: '192.168.1.103', os.name: 'Windows 7', os.arch: 'amd64', os.version: '6.1', java.version: '1.8.0_71'
Driver info: driver.version: unknown&#13;
com.lqp.automation.pages.MetricPage.addNewMetrics(MetricPage.java:28)&#13;
com.lqp.automation.steps.Metric.addNewMetric(Metric.java:29)&#13;
com.lqp.automation.features.Metric.Metric_007_Verify_That_User_Can_Create_Metric_Successfully.Metric_007_Verify_That_User_Can_Create_Metric_Successfully(Metric_007_Verify_That_User_Can_Create_Metric_Successfully.java:34)&#13;
org.apache.maven.plugin.surefire.InPluginVMSurefireStarter.runSuitesInProcess(InPluginVMSurefireStarter.java:82)&#13;
org.apache.maven.plugin.surefire.AbstractSurefireMojo.executeProvider(AbstractSurefireMojo.java:974)&#13;
org.apache.maven.plugin.surefire.AbstractSurefireMojo.executeAfterPreconditionsChecked(AbstractSurefireMojo.java:824)&#13;
org.apache.maven.plugin.surefire.AbstractSurefireMojo.execute(AbstractSurefireMojo.java:722)&#13;
org.apache.maven.plugin.DefaultBuildPluginManager.executeMojo(DefaultBuildPluginManager.java:134)&#13;
org.apache.maven.lifecycle.internal.MojoExecutor.execute(MojoExecutor.java:207)&#13;
org.apache.maven.lifecycle.internal.MojoExecutor.execute(MojoExecutor.java:153)&#13;
org.apache.maven.lifecycle.internal.MojoExecutor.execute(MojoExecutor.java:145)&#13;
org.apache.maven.lifecycle.internal.LifecycleModuleBuilder.buildProject(LifecycleModuleBuilder.java:116)&#13;
org.apache.maven.lifecycle.internal.LifecycleModuleBuilder.buildProject(LifecycleModuleBuilder.java:80)&#13;
org.apache.maven.lifecycle.internal.builder.singlethreaded.SingleThreadedBuilder.build(SingleThreadedBuilder.java:51)&#13;
org.apache.maven.lifecycle.internal.LifecycleStarter.execute(LifecycleStarter.java:128)&#13;
org.apache.maven.DefaultMaven.doExecute(DefaultMaven.java:307)&#13;
org.apache.maven.DefaultMaven.doExecute(DefaultMaven.java:193)&#13;
org.apache.maven.DefaultMaven.execute(DefaultMaven.java:106)&#13;
org.apache.maven.cli.MavenCli.execute(MavenCli.java:863)&#13;
org.apache.maven.cli.MavenCli.doMain(MavenCli.java:288)&#13;
org.apache.maven.cli.MavenCli.main(MavenCli.java:199)&#13;
org.codehaus.plexus.classworlds.launcher.Launcher.launchEnhanced(Launcher.java:289)&#13;
org.codehaus.plexus.classworlds.launcher.Launcher.launch(Launcher.java:229)&#13;
org.codehaus.plexus.classworlds.launcher.Launcher.mainWithExitCode(Launcher.java:415)&#13;
org.codehaus.plexus.classworlds.launcher.Launcher.main(Launcher.java:356)&#13;
</system-err></testcase></testsuite>